#
# There is insufficient memory for the Java Runtime Environment to continue.
# Native memory allocation (mmap) failed to map 398458880 bytes. Error detail: G1 virtual space
# Possible reasons:
#   The system is out of physical RAM or swap space
#   This process is running with CompressedOops enabled, and the Java Heap may be blocking the growth of the native heap
# Possible solutions:
#   Reduce memory load on the system
#   Increase physical memory or swap space
#   Check if swap backing store is full
#   Decrease Java heap size (-Xmx/-Xms)
#   Decrease number of Java threads
#   Decrease Java thread stack sizes (-Xss)
#   Set larger code cache with -XX:ReservedCodeCacheSize=
#   JVM is running with Zero Based Compressed Oops mode in which the Java heap is
#     placed in the first 32GB address space. The Java Heap base address is the
#     maximum limit for the native heap growth. Please use -XX:HeapBaseMinAddress
#     to set the Java Heap base and to place the Java Heap above 32GB virtual address.
# This output file may be truncated or incomplete.
#
#  Out of Memory Error (os_windows.cpp:3925), pid=39924, tid=28040
#
# JRE version:  (21.0.8+1) (build )
# Java VM: OpenJDK 64-Bit Server VM (21.0.8+1-b1038.68, mixed mode, sharing, tiered, compressed oops, compressed class ptrs, g1 gc, windows-amd64)
# No core dump will be written. Minidumps are not enabled by default on client versions of Windows
#

---------------  S U M M A R Y ------------

Command Line: git4idea.http.GitAskPassApp Username for 'https://github.com': 

Host: 12th Gen Intel(R) Core(TM) i5-1235U, 12 cores, 23G,  Windows 11 , 64 bit Build 26100 (10.0.26100.6725)
Time: Fri Nov 21 12:01:54 2025 India Standard Time elapsed time: 0.018615 seconds (0d 0h 0m 0s)

---------------  T H R E A D  ---------------

Current thread (0x00000283c57d55d0):  JavaThread "Unknown thread" [_thread_in_vm, id=28040, stack(0x000000fc64f00000,0x000000fc65000000) (1024K)]

Stack: [0x000000fc64f00000,0x000000fc65000000]
Native frames: (J=compiled Java code, j=interpreted, Vv=VM code, C=native code)
V  [jvm.dll+0x6ebeb9]
V  [jvm.dll+0x8cbec3]
V  [jvm.dll+0x8ce47e]
V  [jvm.dll+0x8ceb63]
V  [jvm.dll+0x28adf6]
V  [jvm.dll+0x6e8695]
V  [jvm.dll+0x6dbeea]
V  [jvm.dll+0x36689b]
V  [jvm.dll+0x36e466]
V  [jvm.dll+0x3c08c6]
V  [jvm.dll+0x3c0b98]
V  [jvm.dll+0x3390cc]
V  [jvm.dll+0x339dbb]
V  [jvm.dll+0x893349]
V  [jvm.dll+0x3cda98]
V  [jvm.dll+0x87c368]
V  [jvm.dll+0x46283e]
V  [jvm.dll+0x464521]
C  [jli.dll+0x52ab]
C  [ucrtbase.dll+0x37b0]
C  [KERNEL32.DLL+0x2e8d7]
C  [ntdll.dll+0x8c53c]


---------------  P R O C E S S  ---------------

Threads class SMR info:
_java_thread_list=0x00007fff967532c8, length=0, elements={
}

Java Threads: ( => current thread )
Total: 0

Other Threads:
  0x00000283c7c20180 WorkerThread "GC Thread#0"                     [id=11716, stack(0x000000fc65000000,0x000000fc65100000) (1024K)]
  0x00000283c7c2dd60 ConcurrentGCThread "G1 Main Marker"            [id=28304, stack(0x000000fc65100000,0x000000fc65200000) (1024K)]
  0x00000283c7c2e860 WorkerThread "G1 Conc#0"                       [id=8072, stack(0x000000fc65200000,0x000000fc65300000) (1024K)]

[error occurred during error reporting (printing all threads), id 0xc0000005, EXCEPTION_ACCESS_VIOLATION (0xc0000005) at pc=0x00007fff95e3c0b7]
VM state: not at safepoint (not fully initialized)

VM Mutex/Monitor currently owned by a thread:  ([mutex/lock_event])
[0x00007fff967c7d58] Heap_lock - owner thread: 0x00000283c57d55d0

Heap address: 0x0000000685000000, size: 6064 MB, Compressed Oops mode: Zero based, Oop shift amount: 3

CDS archive(s) mapped at: [0x0000000000000000-0x0000000000000000-0x0000000000000000), size 0, SharedBaseAddress: 0x0000000800000000, ArchiveRelocationMode: 1.
Narrow klass base: 0x0000000000000000, Narrow klass shift: 0, Narrow klass range: 0x0

GC Precious Log:
 CardTable entry size: 512
 Card Set container configuration: InlinePtr #cards 4 size 8 Array Of Cards #cards 32 size 80 Howl #buckets 8 coarsen threshold 7372 Howl Bitmap #cards 1024 size 144 coarsen threshold 921 Card regions per heap region 1 cards per card region 8192

Heap:
 garbage-first heap   total 0K, used 0K [0x0000000685000000, 0x0000000800000000)
  region size 4096K, 0 young (0K), 0 survivors (0K)
 Metaspace       used 0K, committed 0K, reserved 0K
  class space    used 0K, committed 0K, reserved 0K

Heap Regions: E=young(eden), S=young(survivor), O=old, HS=humongous(starts), HC=humongous(continues), CS=collection set, F=free, TAMS=top-at-mark-start, PB=parsable bottom

Card table byte_map: [0x00000283dbd20000,0x00000283dc900000] _byte_map_base: 0x00000283d88f8000

Marking Bits: (CMBitMap*) 0x00000283c7c20880
 Bits: [0x00000283dc900000, 0x00000283e27c0000)

GC Heap History (0 events):
No events

Dll operation events (1 events):
Event: 0.012 Loaded shared library C:\Program Files\JetBrains\IntelliJ IDEA Community Edition 2025.2.1\jbr\bin\java.dll

Deoptimization events (0 events):
No events

Classes loaded (0 events):
No events

Classes unloaded (0 events):
No events

Classes redefined (0 events):
No events

Internal exceptions (0 events):
No events

ZGC Phase Switch (0 events):
No events

VM Operations (0 events):
No events

Memory protections (0 events):
No events

Nmethod flushes (0 events):
No events

Events (0 events):
No events


Dynamic libraries:
0x00007ff702fb0000 - 0x00007ff702fba000 	C:\Program Files\JetBrains\IntelliJ IDEA Community Edition 2025.2.1\jbr\bin\java.exe
0x00007ff806aa0000 - 0x00007ff806d08000 	C:\WINDOWS\SYSTEM32\ntdll.dll
0x00007ff806080000 - 0x00007ff806149000 	C:\WINDOWS\System32\KERNEL32.DLL
0x00007ff8041d0000 - 0x00007ff8045c2000 	C:\WINDOWS\System32\KERNELBASE.dll
0x00007ff803ed0000 - 0x00007ff80401b000 	C:\WINDOWS\System32\ucrtbase.dll
0x00007fffe1f50000 - 0x00007fffe1f68000 	C:\Program Files\JetBrains\IntelliJ IDEA Community Edition 2025.2.1\jbr\bin\jli.dll
0x00007fffe1820000 - 0x00007fffe183b000 	C:\Program Files\JetBrains\IntelliJ IDEA Community Edition 2025.2.1\jbr\bin\VCRUNTIME140.dll
0x00007ff805e50000 - 0x00007ff806015000 	C:\WINDOWS\System32\USER32.dll
0x00007fffe3410000 - 0x00007fffe36a3000 	C:\WINDOWS\WinSxS\amd64_microsoft.windows.common-controls_6595b64144ccf1df_6.0.26100.6899_none_3e0efeeae32e88c1\COMCTL32.dll
0x00007ff804020000 - 0x00007ff804047000 	C:\WINDOWS\System32\win32u.dll
0x00007ff806a30000 - 0x00007ff806a5b000 	C:\WINDOWS\System32\GDI32.dll
0x00007ff804a20000 - 0x00007ff804ac9000 	C:\WINDOWS\System32\msvcrt.dll
0x00007ff803da0000 - 0x00007ff803ecd000 	C:\WINDOWS\System32\gdi32full.dll
0x00007ff804670000 - 0x00007ff804713000 	C:\WINDOWS\System32\msvcp_win.dll
0x00007ff804c70000 - 0x00007ff804c9f000 	C:\WINDOWS\System32\IMM32.DLL
0x00007fffe1840000 - 0x00007fffe184c000 	C:\Program Files\JetBrains\IntelliJ IDEA Community Edition 2025.2.1\jbr\bin\vcruntime140_1.dll
0x00007fffad610000 - 0x00007fffad69d000 	C:\Program Files\JetBrains\IntelliJ IDEA Community Edition 2025.2.1\jbr\bin\msvcp140.dll
0x00007fff95af0000 - 0x00007fff968bb000 	C:\Program Files\JetBrains\IntelliJ IDEA Community Edition 2025.2.1\jbr\bin\server\jvm.dll
0x00007ff804b80000 - 0x00007ff804c34000 	C:\WINDOWS\System32\ADVAPI32.dll
0x00007ff804ad0000 - 0x00007ff804b76000 	C:\WINDOWS\System32\sechost.dll
0x00007ff804ea0000 - 0x00007ff804fb8000 	C:\WINDOWS\System32\RPCRT4.dll
0x00007ff806650000 - 0x00007ff8066c4000 	C:\WINDOWS\System32\WS2_32.dll
0x00007ff803ab0000 - 0x00007ff803b0e000 	C:\WINDOWS\SYSTEM32\POWRPROF.dll
0x00007ffff1810000 - 0x00007ffff181b000 	C:\WINDOWS\SYSTEM32\VERSION.dll
0x00007ffff7a30000 - 0x00007ffff7a65000 	C:\WINDOWS\SYSTEM32\WINMM.dll
0x00007ff803a90000 - 0x00007ff803aa4000 	C:\WINDOWS\SYSTEM32\UMPDC.dll
0x00007ff802a00000 - 0x00007ff802a1b000 	C:\WINDOWS\SYSTEM32\kernel.appcore.dll
0x00007fffe1810000 - 0x00007fffe181a000 	C:\Program Files\JetBrains\IntelliJ IDEA Community Edition 2025.2.1\jbr\bin\jimage.dll
0x00007ff801510000 - 0x00007ff801752000 	C:\WINDOWS\SYSTEM32\DBGHELP.DLL
0x00007ff8062d0000 - 0x00007ff80664b000 	C:\WINDOWS\System32\combase.dll
0x00007ff805770000 - 0x00007ff805847000 	C:\WINDOWS\System32\OLEAUT32.dll
0x00007fffe33d0000 - 0x00007fffe340c000 	C:\WINDOWS\SYSTEM32\dbgcore.DLL
0x00007ff8045d0000 - 0x00007ff804668000 	C:\WINDOWS\System32\bcryptPrimitives.dll
0x00007fffe17f0000 - 0x00007fffe1810000 	C:\Program Files\JetBrains\IntelliJ IDEA Community Edition 2025.2.1\jbr\bin\java.dll

JVMTI agents: none

dbghelp: loaded successfully - version: 4.0.5 - missing functions: none
symbol engine: initialized successfully - sym options: 0x614 - pdb path: .;C:\Program Files\JetBrains\IntelliJ IDEA Community Edition 2025.2.1\jbr\bin;C:\WINDOWS\SYSTEM32;C:\WINDOWS\WinSxS\amd64_microsoft.windows.common-controls_6595b64144ccf1df_6.0.26100.6899_none_3e0efeeae32e88c1;C:\Program Files\JetBrains\IntelliJ IDEA Community Edition 2025.2.1\jbr\bin\server

VM Arguments:
java_command: git4idea.http.GitAskPassApp Username for 'https://github.com': 
java_class_path (initial): C:/Program Files/JetBrains/IntelliJ IDEA Community Edition 2025.2.1/plugins/vcs-git/lib/git4idea-rt.jar;C:/Program Files/JetBrains/IntelliJ IDEA Community Edition 2025.2.1/lib/externalProcess-rt.jar
Launcher Type: SUN_STANDARD

[Global flags]
     intx CICompilerCount                          = 4                                         {product} {ergonomic}
     uint ConcGCThreads                            = 3                                         {product} {ergonomic}
     uint G1ConcRefinementThreads                  = 10                                        {product} {ergonomic}
   size_t G1HeapRegionSize                         = 4194304                                   {product} {ergonomic}
    uintx GCDrainStackTargetSize                   = 64                                        {product} {ergonomic}
   size_t InitialHeapSize                          = 398458880                                 {product} {ergonomic}
   size_t MarkStackSize                            = 4194304                                   {product} {ergonomic}
   size_t MaxHeapSize                              = 6358564864                                {product} {ergonomic}
   size_t MinHeapDeltaBytes                        = 4194304                                   {product} {ergonomic}
   size_t MinHeapSize                              = 8388608                                   {product} {ergonomic}
    uintx NonNMethodCodeHeapSize                   = 5839372                                {pd product} {ergonomic}
    uintx NonProfiledCodeHeapSize                  = 122909434                              {pd product} {ergonomic}
    uintx ProfiledCodeHeapSize                     = 122909434                              {pd product} {ergonomic}
    uintx ReservedCodeCacheSize                    = 251658240                              {pd product} {ergonomic}
     bool SegmentedCodeCache                       = true                                      {product} {ergonomic}
   size_t SoftMaxHeapSize                          = 6358564864                             {manageable} {ergonomic}
     bool UseCompressedOops                        = true                           {product lp64_product} {ergonomic}
     bool UseG1GC                                  = true                                      {product} {ergonomic}
     bool UseLargePagesIndividualAllocation        = false                                  {pd product} {ergonomic}

Logging:
Log output configuration:
 #0: stdout all=warning uptime,level,tags foldmultilines=false
 #1: stderr all=off uptime,level,tags foldmultilines=false

Environment Variables:
PATH=C:/Program Files/Git/mingw64/libexec/git-core;C:/Program Files/Git/mingw64/libexec/git-core;C:\Program Files\Git\mingw64\bin;C:\Program Files\Git\usr\bin;C:\Users\HP\bin;C:\Python313\Scripts\;C:\Python313\;C:\WINDOWS\system32;C:\WINDOWS;C:\WINDOWS\System32\Wbem;C:\WINDOWS\System32\WindowsPowerShell\v1.0\;C:\WINDOWS\System32\OpenSSH\;C:\Program Files\nodejs\;C:\ProgramData\chocolatey\bin;C:\Program Files\Git\cmd;C:\Program Files\PuTTY\;C:\Program Files\XPipe\bin;C:\Users\HP\AppData\Local\Microsoft\WindowsApps;C:\Program Files\JetBrains\IntelliJ IDEA Community Edition 2025.2.1\bin;C:\Users\HP\AppData\Roaming\npm;C:\Users\HP\AppData\Local\GitHubDesktop\bin;C:\Users\HP\AppData\Local\Programs\Microsoft VS Code\bin
USERNAME=HP
DISPLAY=:0.0
LC_ALL=en_US.UTF-8
TERM=xterm-256color
TMPDIR=C:\Users\HP\AppData\Local\Temp
OS=Windows_NT
PROCESSOR_IDENTIFIER=Intel64 Family 6 Model 154 Stepping 4, GenuineIntel
TMP=C:\Users\HP\AppData\Local\Temp
TEMP=C:\Users\HP\AppData\Local\Temp




Periodic native trim disabled

JNI global refs:
JNI global refs: 0, weak refs: 0

JNI global refs memory usage: 0, weak refs: 0

Process memory usage:
Resident Set Size: 13068K (0% of 24829296K total physical memory with 2417472K free physical memory)

OOME stack traces (most recent first):
Classloader memory used:

---------------  S Y S T E M  ---------------

OS:
 Windows 11 , 64 bit Build 26100 (10.0.26100.6725)
OS uptime: 19 days 1:18 hours
Hyper-V role detected

CPU: total 12 (initial active 12) (6 cores per cpu, 2 threads per core) family 6 model 154 stepping 4 microcode 0x42c, cx8, cmov, fxsr, ht, mmx, 3dnowpref, sse, sse2, sse3, ssse3, sse4.1, sse4.2, popcnt, lzcnt, tsc, tscinvbit, avx, avx2, aes, erms, clmul, bmi1, bmi2, adx, sha, fma, vzeroupper, clflush, clflushopt, clwb, hv, serialize, rdtscp, rdpid, fsrm, f16c, cet_ibt, cet_ss
Processor Information for processor 0
  Max Mhz: 1300, Current Mhz: 1300, Mhz Limit: 1300
Processor Information for processor 1
  Max Mhz: 1300, Current Mhz: 1300, Mhz Limit: 1300
Processor Information for processor 2
  Max Mhz: 1300, Current Mhz: 1300, Mhz Limit: 1300
Processor Information for processor 3
  Max Mhz: 1300, Current Mhz: 1300, Mhz Limit: 1300
Processor Information for processor 4
  Max Mhz: 1300, Current Mhz: 900, Mhz Limit: 897
Processor Information for processor 5
  Max Mhz: 1300, Current Mhz: 900, Mhz Limit: 897
Processor Information for processor 6
  Max Mhz: 1300, Current Mhz: 900, Mhz Limit: 897
Processor Information for processor 7
  Max Mhz: 1300, Current Mhz: 900, Mhz Limit: 897
Processor Information for processor 8
  Max Mhz: 1300, Current Mhz: 900, Mhz Limit: 897
Processor Information for processor 9
  Max Mhz: 1300, Current Mhz: 900, Mhz Limit: 897
Processor Information for processor 10
  Max Mhz: 1300, Current Mhz: 900, Mhz Limit: 897
Processor Information for processor 11
  Max Mhz: 1300, Current Mhz: 900, Mhz Limit: 897

Memory: 4k page, system-wide physical 24247M (2360M free)
TotalPageFile size 47583M (AvailPageFile size 167M)
current process WorkingSet (physical memory assigned to process): 12M, peak: 12M
current process commit charge ("private bytes"): 64M, peak: 444M

vm_info: OpenJDK 64-Bit Server VM (21.0.8+1-b1038.68) for windows-amd64 JRE (21.0.8+1-b1038.68), built on 2025-07-24 by "builduser" with MS VC++ 16.10 / 16.11 (VS2019)

END.
